<?xml version="1.0" encoding="UTF-8"?>
<!-- Generated by org.testng.reporters.JUnitReportReporter -->
<testsuite hostname="Prashant_Laptop" failures="0" tests="3" name="BatchTesting.HomeScreenTest" time="0.007" errors="0" timestamp="2024-10-18T15:38:43 IST" skipped="0">
  <testcase classname="BatchTesting.HomeScreenTest" name="VerifyLogo" time="0.003"/>
  <testcase classname="BatchTesting.HomeScreenTest" name="LaunchApplication" time="0.002"/>
  <testcase classname="BatchTesting.HomeScreenTest" name="VerifyTitle" time="0.002"/>
</testsuite> <!-- BatchTesting.HomeScreenTest -->
