<?xml version="1.0" encoding="UTF-8"?>
<!-- Generated by org.testng.reporters.JUnitReportReporter -->
<testsuite hostname="Prashant_Laptop" failures="0" tests="2" name="BatchTesting.PaymentTest" time="0.004" errors="0" timestamp="2024-10-18T15:38:43 IST" skipped="0">
  <testcase classname="BatchTesting.PaymentTest" name="CashOnDelivery" time="0.002"/>
  <testcase classname="BatchTesting.PaymentTest" name="NetBanking" time="0.002"/>
</testsuite> <!-- BatchTesting.PaymentTest -->
