<?xml version="1.0" encoding="UTF-8"?>
<!-- Generated by org.testng.reporters.JUnitReportReporter -->
<testsuite hostname="Prashant_Laptop" failures="0" tests="3" name="BatchTesting.ProductPageTest" time="0.022" errors="0" timestamp="2024-10-18T15:38:43 IST" skipped="0">
  <testcase classname="BatchTesting.ProductPageTest" name="AddProductToCart" time="0.015"/>
  <testcase classname="BatchTesting.ProductPageTest" name="AddProductToWishList" time="0.002"/>
  <testcase classname="BatchTesting.ProductPageTest" name="SelectQuantity" time="0.005"/>
</testsuite> <!-- BatchTesting.ProductPageTest -->
